# JRE version: OpenJDK Runtime Environment (8.0_152-b01) (build 1.8.0_152-release-915-b01)
# Java VM: OpenJDK 64-Bit Server VM (25.152-b01 mixed mode linux-amd64 compressed oops)
Heap:
 PSYoungGen      total 977920K, used 125801K [0x0000000760000000, 0x00000007c0000000, 0x00000007c0000000)
  eden space 729088K, 0% used [0x0000000760000000,0x0000000760000000,0x000000078c800000)
  from space 248832K, 50% used [0x00000007b0d00000,0x00000007b87da738,0x00000007c0000000)
  to   space 421888K, 0% used [0x000000078c800000,0x000000078c800000,0x00000007a6400000)
 ParOldGen       total 937984K, used 937973K [0x00000006a0000000, 0x00000006d9400000, 0x0000000760000000)
  object space 937984K, 99% used [0x00000006a0000000,0x00000006d93fd548,0x00000006d9400000)
 Metaspace       used 170428K, capacity 178800K, committed 179288K, reserved 1204224K
  class space    used 22041K, capacity 23797K, committed 23936K, reserved 1048576K
GC Heap History (10 events):
Event: 3604.287 GC heap after
Heap after GC invocations=77 (full 8):
 PSYoungGen      total 1343488K, used 41018K [0x0000000760000000, 0x00000007c0000000, 0x00000007c0000000)
  eden space 1114112K, 0% used [0x0000000760000000,0x0000000760000000,0x00000007a4000000)
  from space 229376K, 17% used [0x00000007a4000000,0x00000007a680eb10,0x00000007b2000000)
  to   space 222208K, 0% used [0x00000007b2700000,0x00000007b2700000,0x00000007c0000000)
 ParOldGen       total 773632K, used 704545K [0x00000006a0000000, 0x00000006cf380000, 0x0000000760000000)
  object space 773632K, 91% used [0x00000006a0000000,0x00000006cb008638,0x00000006cf380000)
 Metaspace       used 127910K, capacity 134478K, committed 134744K, reserved 1167360K
  class space    used 16327K, capacity 17700K, committed 17792K, reserved 1048576K
}
Event: 3604.287 GC heap before
{Heap before GC invocations=78 (full 9):
 PSYoungGen      total 1343488K, used 41018K [0x0000000760000000, 0x00000007c0000000, 0x00000007c0000000)
  eden space 1114112K, 0% used [0x0000000760000000,0x0000000760000000,0x00000007a4000000)
  from space 229376K, 17% used [0x00000007a4000000,0x00000007a680eb10,0x00000007b2000000)
  to   space 222208K, 0% used [0x00000007b2700000,0x00000007b2700000,0x00000007c0000000)
 ParOldGen       total 773632K, used 704545K [0x00000006a0000000, 0x00000006cf380000, 0x0000000760000000)
  object space 773632K, 91% used [0x00000006a0000000,0x00000006cb008638,0x00000006cf380000)
 Metaspace       used 127910K, capacity 134478K, committed 134744K, reserved 1167360K
  class space    used 16327K, capacity 17700K, committed 17792K, reserved 1048576K
Event: 3607.889 GC heap after
Heap after GC invocations=78 (full 9):
 PSYoungGen      total 1343488K, used 0K [0x0000000760000000, 0x00000007c0000000, 0x00000007c0000000)
  eden space 1114112K, 0% used [0x0000000760000000,0x0000000760000000,0x00000007a4000000)
  from space 229376K, 0% used [0x00000007a4000000,0x00000007a4000000,0x00000007b2000000)
  to   space 222208K, 0% used [0x00000007b2700000,0x00000007b2700000,0x00000007c0000000)
 ParOldGen       total 937984K, used 600802K [0x00000006a0000000, 0x00000006d9400000, 0x0000000760000000)
  object space 937984K, 64% used [0x00000006a0000000,0x00000006c4ab88b0,0x00000006d9400000)
 Metaspace       used 127906K, capacity 134466K, committed 134744K, reserved 1167360K
  class space    used 16326K, capacity 17698K, committed 17792K, reserved 1048576K
}
Event: 4029.601 GC heap before
{Heap before GC invocations=79 (full 9):
 PSYoungGen      total 1343488K, used 1114112K [0x0000000760000000, 0x00000007c0000000, 0x00000007c0000000)
  eden space 1114112K, 100% used [0x0000000760000000,0x00000007a4000000,0x00000007a4000000)
  from space 229376K, 0% used [0x00000007a4000000,0x00000007a4000000,0x00000007b2000000)
  to   space 222208K, 0% used [0x00000007b2700000,0x00000007b2700000,0x00000007c0000000)
 ParOldGen       total 937984K, used 600802K [0x00000006a0000000, 0x00000006d9400000, 0x0000000760000000)
  object space 937984K, 64% used [0x00000006a0000000,0x00000006c4ab88b0,0x00000006d9400000)
 Metaspace       used 142154K, capacity 149370K, committed 149592K, reserved 1179648K
  class space    used 18244K, capacity 19760K, committed 19840K, reserved 1048576K
Event: 4029.923 GC heap after
Heap after GC invocations=79 (full 9):
 PSYoungGen      total 1297408K, used 190246K [0x0000000760000000, 0x00000007c0000000, 0x00000007c0000000)
  eden space 1075200K, 0% used [0x0000000760000000,0x0000000760000000,0x00000007a1a00000)
  from space 222208K, 85% used [0x00000007b2700000,0x00000007be0c9bb0,0x00000007c0000000)
  to   space 248832K, 0% used [0x00000007a1a00000,0x00000007a1a00000,0x00000007b0d00000)
 ParOldGen       total 937984K, used 600810K [0x00000006a0000000, 0x00000006d9400000, 0x0000000760000000)
  object space 937984K, 64% used [0x00000006a0000000,0x00000006c4aba8b0,0x00000006d9400000)
 Metaspace       used 142154K, capacity 149370K, committed 149592K, reserved 1179648K
  class space    used 18244K, capacity 19760K, committed 19840K, reserved 1048576K
}
Event: 4137.751 GC heap before
{Heap before GC invocations=80 (full 9):
 PSYoungGen      total 1297408K, used 1265446K [0x0000000760000000, 0x00000007c0000000, 0x00000007c0000000)
  eden space 1075200K, 100% used [0x0000000760000000,0x00000007a1a00000,0x00000007a1a00000)
  from space 222208K, 85% used [0x00000007b2700000,0x00000007be0c9bb0,0x00000007c0000000)
  to   space 248832K, 0% used [0x00000007a1a00000,0x00000007a1a00000,0x00000007b0d00000)
 ParOldGen       total 937984K, used 600810K [0x00000006a0000000, 0x00000006d9400000, 0x0000000760000000)
  object space 937984K, 64% used [0x00000006a0000000,0x00000006c4aba8b0,0x00000006d9400000)
 Metaspace       used 156437K, capacity 164342K, committed 164440K, reserved 1191936K
  class space    used 20173K, capacity 21846K, committed 21888K, reserved 1048576K
Event: 4138.316 GC heap after
Heap after GC invocations=80 (full 9):
 PSYoungGen      total 1324032K, used 248801K [0x0000000760000000, 0x00000007c0000000, 0x00000007c0000000)
  eden space 1075200K, 0% used [0x0000000760000000,0x0000000760000000,0x00000007a1a00000)
  from space 248832K, 99% used [0x00000007a1a00000,0x00000007b0cf85e8,0x00000007b0d00000)
  to   space 248832K, 0% used [0x00000007b0d00000,0x00000007b0d00000,0x00000007c0000000)
 ParOldGen       total 937984K, used 694784K [0x00000006a0000000, 0x00000006d9400000, 0x0000000760000000)
  object space 937984K, 74% used [0x00000006a0000000,0x00000006ca6801d0,0x00000006d9400000)
 Metaspace       used 156437K, capacity 164342K, committed 164440K, reserved 1191936K
  class space    used 20173K, capacity 21846K, committed 21888K, reserved 1048576K
}
Event: 4206.238 GC heap before
{Heap before GC invocations=81 (full 9):
 PSYoungGen      total 1324032K, used 1324001K [0x0000000760000000, 0x00000007c0000000, 0x00000007c0000000)
  eden space 1075200K, 100% used [0x0000000760000000,0x00000007a1a00000,0x00000007a1a00000)
  from space 248832K, 99% used [0x00000007a1a00000,0x00000007b0cf85e8,0x00000007b0d00000)
  to   space 248832K, 0% used [0x00000007b0d00000,0x00000007b0d00000,0x00000007c0000000)
 ParOldGen       total 937984K, used 694784K [0x00000006a0000000, 0x00000006d9400000, 0x0000000760000000)
  object space 937984K, 74% used [0x00000006a0000000,0x00000006ca6801d0,0x00000006d9400000)
 Metaspace       used 170561K, capacity 179018K, committed 179288K, reserved 1204224K
  class space    used 22065K, capacity 23842K, committed 23936K, reserved 1048576K
Event: 4207.042 GC heap after
Heap after GC invocations=81 (full 9):
 PSYoungGen      total 977920K, used 248813K [0x0000000760000000, 0x00000007c0000000, 0x00000007c0000000)
  eden space 729088K, 0% used [0x0000000760000000,0x0000000760000000,0x000000078c800000)
  from space 248832K, 99% used [0x00000007b0d00000,0x00000007bfffb540,0x00000007c0000000)
  to   space 421888K, 0% used [0x000000078c800000,0x000000078c800000,0x00000007a6400000)
 ParOldGen       total 937984K, used 876959K [0x00000006a0000000, 0x00000006d9400000, 0x0000000760000000)
  object space 937984K, 93% used [0x00000006a0000000,0x00000006d5867c28,0x00000006d9400000)
 Metaspace       used 170561K, capacity 179018K, committed 179288K, reserved 1204224K
  class space    used 22065K, capacity 23842K, committed 23936K, reserved 1048576K
}
Event: 4207.215 GC heap before
{Heap before GC invocations=82 (full 10):
 PSYoungGen      total 977920K, used 248813K [0x0000000760000000, 0x00000007c0000000, 0x00000007c0000000)
  eden space 729088K, 0% used [0x0000000760000000,0x0000000760000000,0x000000078c800000)
  from space 248832K, 99% used [0x00000007b0d00000,0x00000007bfffb540,0x00000007c0000000)
  to   space 421888K, 0% used [0x000000078c800000,0x000000078c800000,0x00000007a6400000)
 ParOldGen       total 937984K, used 876959K [0x00000006a0000000, 0x00000006d9400000, 0x0000000760000000)
  object space 937984K, 93% used [0x00000006a0000000,0x00000006d5867c28,0x00000006d9400000)
 Metaspace       used 170561K, capacity 179018K, committed 179288K, reserved 1204224K
  class space    used 22065K, capacity 23842K, committed 23936K, reserved 1048576K

